#
# There is insufficient memory for the Java Runtime Environment to continue.
# Native memory allocation (mmap) failed to map 534773760 bytes for Failed to commit area from 0x0000000602c00000 to 0x0000000622a00000 of length 534773760.
# Possible reasons:
#   The system is out of physical RAM or swap space
#   The process is running with CompressedOops enabled, and the Java Heap may be blocking the growth of the native heap
# Possible solutions:
#   Reduce memory load on the system
#   Increase physical memory or swap space
#   Check if swap backing store is full
#   Decrease Java heap size (-Xmx/-Xms)
#   Decrease number of Java threads
#   Decrease Java thread stack sizes (-Xss)
#   Set larger code cache with -XX:ReservedCodeCacheSize=
# This output file may be truncated or incomplete.
#
#  Out of Memory Error (./open/src/hotspot/os/windows/os_windows.cpp:3284), pid=40948, tid=14352
#
# JRE version:  (11.0.14+8) (build )
# Java VM: Java HotSpot(TM) 64-Bit Server VM (11.0.14+8-LTS-263, mixed mode, sharing, tiered, compressed oops, g1 gc, windows-amd64)
# No core dump will be written. Minidumps are not enabled by default on client versions of Windows
#

---------------  S U M M A R Y ------------

Command Line: C:\Users\Hatem\AppData\Local\Temp\surefire15019764822691066243\surefirebooter3184869524908197944.jar C:\Users\Hatem\AppData\Local\Temp\surefire15019764822691066243 2022-11-14T12-18-03_684-jvmRun1 surefire4792779421390604428tmp surefire_05947347908662495316tmp

Host: Intel(R) Core(TM) i7-10750H CPU @ 2.60GHz, 12 cores, 31G,  Windows 10 , 64 bit Build 19041 (10.0.19041.1889)
Time: Mon Nov 14 12:18:04 2022 Afr. centrale Ouest elapsed time: 0.012057 seconds (0d 0h 0m 0s)

---------------  T H R E A D  ---------------

Current thread (0x0000013f7a6ce000):  JavaThread "Unknown thread" [_thread_in_vm, id=14352, stack(0x0000002ca4900000,0x0000002ca4a00000)]

Stack: [0x0000002ca4900000,0x0000002ca4a00000]
Native frames: (J=compiled Java code, j=interpreted, Vv=VM code, C=native code)
V  [jvm.dll+0x6296da]
V  [jvm.dll+0x76323f]
V  [jvm.dll+0x7648e9]
V  [jvm.dll+0x764f73]
V  [jvm.dll+0x23d7c8]
V  [jvm.dll+0x626a5a]
V  [jvm.dll+0x61b7f5]
V  [jvm.dll+0x2f262c]
V  [jvm.dll+0x2f24b2]
V  [jvm.dll+0x2f71d6]
V  [jvm.dll+0x339bdf]
V  [jvm.dll+0x339610]
V  [jvm.dll+0x2cfc48]
V  [jvm.dll+0x2d0db6]
V  [jvm.dll+0x73d857]
V  [jvm.dll+0x73f0ef]
V  [jvm.dll+0x346909]
V  [jvm.dll+0x723160]
V  [jvm.dll+0x3b551f]
V  [jvm.dll+0x3b7631]
C  [jli.dll+0x5207]
C  [ucrtbase.dll+0x21bb2]
C  [KERNEL32.DLL+0x17034]
C  [ntdll.dll+0x52651]


---------------  P R O C E S S  ---------------

Threads class SMR info:
_java_thread_list=0x0000013f7a5a1ca0, length=0, elements={
}

Java Threads: ( => current thread )

Other Threads:
  0x0000013f7a6e3000 GCTaskThread "GC Thread#0" [stack: 0x0000002ca4a00000,0x0000002ca4b00000] [id=31784]
  0x0000013f7a763800 ConcurrentGCThread "G1 Main Marker" [stack: 0x0000002ca4b00000,0x0000002ca4c00000] [id=44224]
  0x0000013f7a765800 ConcurrentGCThread "G1 Conc#0" [stack: 0x0000002ca4c00000,0x0000002ca4d00000] [id=13140]

[error occurred during error reporting (printing all threads), id 0xc0000005, EXCEPTION_ACCESS_VIOLATION (0xc0000005) at pc=0x00007fff1a85eed7]

VM state:not at safepoint (not fully initialized)

VM Mutex/Monitor currently owned by a thread:  ([mutex/lock_event])
[0x0000013f7a6c9e30] Heap_lock - owner thread: 0x0000013f7a6ce000

Heap address: 0x0000000602c00000, size: 8148 MB, Compressed Oops mode: Non-zero based: 0x0000000602c00000
Narrow klass base: 0x0000000000000000, Narrow klass shift: 0

GC Heap History (0 events):
No events

Deoptimization events (0 events):
No events

Classes redefined (0 events):
No events

Internal exceptions (0 events):
No events

Events (0 events):
No events


Dynamic libraries:
0x00007ff75f940000 - 0x00007ff75f94f000 	C:\Program Files\Java\jdk-11.0.14\bin\java.exe
0x00007fff4cbf0000 - 0x00007fff4cde8000 	C:\Windows\SYSTEM32\ntdll.dll
0x00007fff0e2b0000 - 0x00007fff0e2c7000 	C:\Program Files\Avast Software\Avast\aswhook.dll
0x00007fff4c310000 - 0x00007fff4c3cd000 	C:\Windows\System32\KERNEL32.DLL
0x00007fff4a520000 - 0x00007fff4a7ee000 	C:\Windows\System32\KERNELBASE.dll
0x00007fff4ab50000 - 0x00007fff4ac50000 	C:\Windows\System32\ucrtbase.dll
0x00007fff1b240000 - 0x00007fff1b255000 	C:\Program Files\Java\jdk-11.0.14\bin\VCRUNTIME140.dll
0x00007fff1b220000 - 0x00007fff1b238000 	C:\Program Files\Java\jdk-11.0.14\bin\jli.dll
0x00007fff4c9c0000 - 0x00007fff4ca6e000 	C:\Windows\System32\ADVAPI32.dll
0x00007fff4b540000 - 0x00007fff4b5de000 	C:\Windows\System32\msvcrt.dll
0x00007fff4bdd0000 - 0x00007fff4be6c000 	C:\Windows\System32\sechost.dll
0x00007fff4b830000 - 0x00007fff4b955000 	C:\Windows\System32\RPCRT4.dll
0x00007fff4b3a0000 - 0x00007fff4b540000 	C:\Windows\System32\USER32.dll
0x00007fff4a310000 - 0x00007fff4a332000 	C:\Windows\System32\win32u.dll
0x00007fff316a0000 - 0x00007fff3193a000 	C:\Windows\WinSxS\amd64_microsoft.windows.common-controls_6595b64144ccf1df_6.0.19041.1110_none_60b5254171f9507e\COMCTL32.dll
0x00007fff4c3d0000 - 0x00007fff4c3fa000 	C:\Windows\System32\GDI32.dll
0x00007fff4a410000 - 0x00007fff4a51b000 	C:\Windows\System32\gdi32full.dll
0x00007fff4a370000 - 0x00007fff4a40d000 	C:\Windows\System32\msvcp_win.dll
0x00007fff42db0000 - 0x00007fff42dba000 	C:\Windows\SYSTEM32\VERSION.dll
0x00007fff4b720000 - 0x00007fff4b750000 	C:\Windows\System32\IMM32.DLL
0x00007fff1b0e0000 - 0x00007fff1b17b000 	C:\Program Files\Java\jdk-11.0.14\bin\msvcp140.dll
0x00007fff1a580000 - 0x00007fff1b096000 	C:\Program Files\Java\jdk-11.0.14\bin\server\jvm.dll
0x00007fff4bfa0000 - 0x00007fff4bfa8000 	C:\Windows\System32\PSAPI.DLL
0x00007fff35770000 - 0x00007fff35779000 	C:\Windows\SYSTEM32\WSOCK32.dll
0x00007fff344c0000 - 0x00007fff344e7000 	C:\Windows\SYSTEM32\WINMM.dll
0x00007fff4be70000 - 0x00007fff4bedb000 	C:\Windows\System32\WS2_32.dll
0x00007fff481d0000 - 0x00007fff481e2000 	C:\Windows\SYSTEM32\kernel.appcore.dll
0x00007fff1a3d0000 - 0x00007fff1a3e0000 	C:\Program Files\Java\jdk-11.0.14\bin\verify.dll
0x00007fff41fc0000 - 0x00007fff421a4000 	C:\Windows\SYSTEM32\DBGHELP.DLL
0x00007fff42280000 - 0x00007fff422ac000 	C:\Windows\SYSTEM32\dbgcore.DLL
0x00007fff4a7f0000 - 0x00007fff4a872000 	C:\Windows\System32\bcryptPrimitives.dll
0x00007fff1a3a0000 - 0x00007fff1a3c8000 	C:\Program Files\Java\jdk-11.0.14\bin\java.dll
0x00007fff1a270000 - 0x00007fff1a27a000 	C:\Program Files\Java\jdk-11.0.14\bin\jimage.dll
0x00007fff1a250000 - 0x00007fff1a266000 	C:\Program Files\Java\jdk-11.0.14\bin\zip.dll

dbghelp: loaded successfully - version: 4.0.5 - missing functions: none
symbol engine: initialized successfully - sym options: 0x614 - pdb path: .;C:\Program Files\Java\jdk-11.0.14\bin;C:\Windows\SYSTEM32;C:\Program Files\Avast Software\Avast;C:\Windows\WinSxS\amd64_microsoft.windows.common-controls_6595b64144ccf1df_6.0.19041.1110_none_60b5254171f9507e;C:\Program Files\Java\jdk-11.0.14\bin\server

VM Arguments:
java_command: C:\Users\Hatem\AppData\Local\Temp\surefire15019764822691066243\surefirebooter3184869524908197944.jar C:\Users\Hatem\AppData\Local\Temp\surefire15019764822691066243 2022-11-14T12-18-03_684-jvmRun1 surefire4792779421390604428tmp surefire_05947347908662495316tmp
java_class_path (initial): C:\Users\Hatem\AppData\Local\Temp\surefire15019764822691066243\surefirebooter3184869524908197944.jar
Launcher Type: SUN_STANDARD

[Global flags]
     intx CICompilerCount                          = 4                                         {product} {ergonomic}
     uint ConcGCThreads                            = 3                                         {product} {ergonomic}
     uint G1ConcRefinementThreads                  = 10                                        {product} {ergonomic}
   size_t G1HeapRegionSize                         = 2097152                                   {product} {ergonomic}
    uintx GCDrainStackTargetSize                   = 64                                        {product} {ergonomic}
   size_t InitialHeapSize                          = 534773760                                 {product} {ergonomic}
   size_t MarkStackSize                            = 4194304                                   {product} {ergonomic}
   size_t MaxHeapSize                              = 8543797248                                {product} {ergonomic}
   size_t MinHeapDeltaBytes                        = 2097152                                   {product} {ergonomic}
    uintx NonNMethodCodeHeapSize                   = 5836300                                {pd product} {ergonomic}
    uintx NonProfiledCodeHeapSize                  = 122910970                              {pd product} {ergonomic}
    uintx ProfiledCodeHeapSize                     = 122910970                              {pd product} {ergonomic}
    uintx ReservedCodeCacheSize                    = 251658240                              {pd product} {ergonomic}
     bool SegmentedCodeCache                       = true                                      {product} {ergonomic}
     bool UseCompressedClassPointers               = true                                 {lp64_product} {ergonomic}
     bool UseCompressedOops                        = true                                 {lp64_product} {ergonomic}
     bool UseG1GC                                  = true                                      {product} {ergonomic}
     bool UseLargePagesIndividualAllocation        = false                                  {pd product} {ergonomic}

Logging:
Log output configuration:
 #0: stdout all=warning uptime,level,tags
 #1: stderr all=off uptime,level,tags

Environment Variables:
JAVA_HOME=C:\Program Files\Java\jdk-11.0.14\
PATH=C:\Program Files\Common Files\Oracle\Java\javapath;C:\Program Files\Java\jdk-11.0.14\bin;C:\Program Files\Tools\apache-maven-3.8.2\bin;C:\Program Files (x86)\Common Files\Oracle\Java\javapath;C:\Windows\system32;C:\Windows;C:\Windows\System32\Wbem;C:\Windows\System32\WindowsPowerShell\v1.0\;C:\Windows\System32\OpenSSH\;C:\Program Files\Git\cmd;C:\Program Files\MongoDB\Server\5.0\bin;C:\Program Files\nodejs;C:\Program Files\Docker\Docker\resources\bin;C:\ProgramData\DockerDesktop\version-bin;C:\HashiCorp\Vagrant\bin;C:\Program Files\Kubernetes\Minikube;C:\Users\Hatem\AppData\Local\Microsoft\WindowsApps;C:\Users\Hatem\AppData\Local\Programs\Microsoft VS Code\bin;C:\Users\Hatem\AppData\Roaming\npm;
USERNAME=Hatem
OS=Windows_NT
PROCESSOR_IDENTIFIER=Intel64 Family 6 Model 165 Stepping 2, GenuineIntel



---------------  S Y S T E M  ---------------

OS: Windows 10 , 64 bit Build 19041 (10.0.19041.1889)
Hyper-V role detected

CPU:total 12 (initial active 12) (6 cores per cpu, 2 threads per core) family 6 model 165 stepping 2 microcode 0xc8, cmov, cx8, fxsr, mmx, sse, sse2, sse3, ssse3, sse4.1, sse4.2, popcnt, avx, avx2, aes, clmul, erms, 3dnowpref, lzcnt, ht, tsc, tscinvbit, bmi1, bmi2, adx, fma

Memory: 4k page, system-wide physical 32586M (6948M free)
TotalPageFile size 63744M (AvailPageFile size 396M)
current process WorkingSet (physical memory assigned to process): 10M, peak: 10M
current process commit charge ("private bytes"): 65M, peak: 574M

vm_info: Java HotSpot(TM) 64-Bit Server VM (11.0.14+8-LTS-263) for windows-amd64 JRE (11.0.14+8-LTS-263), built on Dec  7 2021 21:53:57 by "mach5one" with MS VC++ 15.9 (VS2017)

END.
